2025-11-28 15:59:26,743 - INFO - Пользователь выбрал пункт главного меню: 1
2025-11-28 15:59:29,682 - INFO - Пользователь выбрал пункт меню: 1
2025-11-28 15:59:29,682 - INFO - Пользователь вводит массивы вручную
2025-11-28 15:59:35,480 - INFO - Введены массивы:
 arr1=[2, 3, 4, 5, 6]
 arr2=[2, 4, 56, 6, 7]
2025-11-28 15:59:38,475 - INFO - Пользователь выбрал пункт меню: 3
2025-11-28 15:59:38,475 - INFO - Пользователь пытается выполнить анализ
2025-11-28 15:59:38,476 - INFO - Вызов count_common_numbers() с массивами:
  arr1=[2, 3, 4, 5, 6]
  arr2=[2, 4, 56, 6, 7]
2025-11-28 15:59:38,477 - INFO - Вызов reverse_number() с аргументом: 2
2025-11-28 15:59:38,477 - INFO - Результат reverse_number(): 2
2025-11-28 15:59:38,477 - INFO - Вызов reverse_number() с аргументом: 3
2025-11-28 15:59:38,477 - INFO - Результат reverse_number(): 3
2025-11-28 15:59:38,477 - INFO - Вызов reverse_number() с аргументом: 4
2025-11-28 15:59:38,477 - INFO - Результат reverse_number(): 4
2025-11-28 15:59:38,478 - INFO - Вызов reverse_number() с аргументом: 5
2025-11-28 15:59:38,478 - INFO - Результат reverse_number(): 5
2025-11-28 15:59:38,478 - INFO - Вызов reverse_number() с аргументом: 6
2025-11-28 15:59:38,478 - INFO - Результат reverse_number(): 6
2025-11-28 15:59:38,478 - INFO - Результат count_common_numbers(): 3
2025-11-28 15:59:39,301 - INFO - Пользователь выбрал пункт меню: 2
2025-11-28 15:59:39,301 - INFO - Пользователь выбрал генерацию массивов
2025-11-28 15:59:41,149 - INFO - Сгенерированы массивы:
 arr1=[39, 77, 3]
 arr2=[73, 49, 38]
2025-11-28 15:59:42,640 - INFO - Пользователь выбрал пункт меню: 4
2025-11-28 15:59:42,641 - INFO - Пользователь запросил вывод результата
2025-11-28 15:59:42,641 - INFO - Результат отсутствует — анализ не выполнен
2025-11-28 15:59:45,434 - INFO - Пользователь выбрал пункт меню: 0
2025-11-28 15:59:45,435 - INFO - Возврат в главное меню
2025-11-28 16:00:51,895 - INFO - Пользователь выбрал пункт главного меню: 2
2025-11-28 16:00:51,895 - CRITICAL - Логи ниже уровня CRITICAL теперь отключены
2025-11-28 16:03:33,657 - INFO - Пользователь выбрал пункт главного меню: 2
2025-11-28 16:03:33,658 - CRITICAL - Логи ниже уровня CRITICAL теперь отключены
